<?xml version="1.0" encoding="UTF-8"?>
<testsuite name="Register UTest Page HappyPath" tests="1" skipped="0" failures="0" errors="0" timestamp="2022-09-11T20:27:13" hostname="22LAP5CD208FSXN" time="35.86">
  <properties/>
  <testcase name="Register on the page UTest" classname="Register UTest Page HappyPath" time="35.86"/>
  <system-out><![CDATA[]]></system-out>
  <system-err><![CDATA[[Test worker] WARN net.thucydides.core.steps.BaseStepListener - stepStarted: net.thucydides.core.steps.ExecutedStepDescription@25f7391e
[Test worker] WARN net.thucydides.core.steps.BaseStepListener - stepStarted: net.thucydides.core.steps.ExecutedStepDescription@3a2b2322
[Test worker] WARN net.thucydides.core.steps.BaseStepListener - stepStarted: net.thucydides.core.steps.ExecutedStepDescription@256aa5f2
sep 11, 2022 3:27:14 PM org.openqa.selenium.remote.DesiredCapabilities chrome
INFORMACIÓN: Using `new ChromeOptions()` is preferred to `DesiredCapabilities.chrome()`
[Test worker] INFO net.serenitybdd.core.webdriver.driverproviders.ProvideNewDriver - Instantiating driver
[Test worker] INFO net.serenitybdd.core.webdriver.driverproviders.ProvideNewDriver - Driver capabilities: Capabilities {acceptInsecureCerts: false, browserName: chrome, chrome.switches: --start-maximized, goog:chromeOptions: {args: [--start-maximized], extensions: []}, loggingPrefs: org.openqa.selenium.logging..., platform: ANY, version: }
Starting ChromeDriver 104.0.5112.79 (3cf3e8c8a07d104b9e1260c910efb8f383285dc5-refs/branch-heads/5112@{#1307}) on port 34577
Only local connections are allowed.
Please see https://chromedriver.chromium.org/security-considerations for suggestions on keeping ChromeDriver safe.
ChromeDriver was started successfully.
[1662928040.734][WARNING]: This version of ChromeDriver has not been tested with Chrome version 105.
sep 11, 2022 3:27:21 PM org.openqa.selenium.remote.ProtocolHandshake createSession
INFORMACIÓN: Detected dialect: W3C
[Test worker] WARN net.thucydides.core.steps.BaseStepListener - stepFinished: current outcome:Register on the page UTest:Given than Angie needs join to the UTest community [Angie open up [Angie opens the U test page]]
[Test worker] WARN net.thucydides.core.steps.BaseStepListener - stepFinished: current outcome:Register on the page UTest:Given than Angie needs join to the UTest community [Angie open up [Angie opens the U test page]]
[Test worker] WARN net.thucydides.core.steps.BaseStepListener - stepFinished: current outcome:Register on the page UTest:Given than Angie needs join to the UTest community [Angie open up [Angie opens the U test page]]
[Test worker] WARN net.thucydides.core.steps.BaseStepListener - stepStarted: net.thucydides.core.steps.ExecutedStepDescription@2ceca2ef
[Test worker] WARN net.thucydides.core.steps.BaseStepListener - stepStarted: net.thucydides.core.steps.ExecutedStepDescription@2b4d4327
[Test worker] WARN net.thucydides.core.steps.BaseStepListener - stepStarted: net.thucydides.core.steps.ExecutedStepDescription@7ea2412c
[Test worker] WARN net.thucydides.core.steps.BaseStepListener - stepFinished: current outcome:Register on the page UTest:Given than Angie needs join to the UTest community [Angie open up [Angie opens the U test page]], When she completes the registration form
| firstName | lastName | mail | month | day | year | password |
| Angie | Gomez | 4315345@gmail.com | February | 19 | 1999 | Ch0uc41r2022* | [Angie join [Angie clicks on Click on join today button]]
[Test worker] WARN net.thucydides.core.steps.BaseStepListener - stepStarted: net.thucydides.core.steps.ExecutedStepDescription@7944b8b4
[Test worker] WARN net.thucydides.core.steps.BaseStepListener - stepFinished: current outcome:Register on the page UTest:Given than Angie needs join to the UTest community [Angie open up [Angie opens the U test page]], When she completes the registration form
| firstName | lastName | mail | month | day | year | password |
| Angie | Gomez | 4315345@gmail.com | February | 19 | 1999 | Ch0uc41r2022* | [Angie join [Angie clicks on Click on join today button, Angie enters 'Angie' into Where do we write the first name]]
[Test worker] WARN net.thucydides.core.steps.BaseStepListener - stepStarted: net.thucydides.core.steps.ExecutedStepDescription@4dfe8b37
[Test worker] WARN net.thucydides.core.steps.BaseStepListener - stepFinished: current outcome:Register on the page UTest:Given than Angie needs join to the UTest community [Angie open up [Angie opens the U test page]], When she completes the registration form
| firstName | lastName | mail | month | day | year | password |
| Angie | Gomez | 4315345@gmail.com | February | 19 | 1999 | Ch0uc41r2022* | [Angie join [Angie clicks on Click on join today button, Angie enters 'Angie' into Where do we write the first name, Angie enters 'Gomez' into Where do we write the last name]]
[Test worker] WARN net.thucydides.core.steps.BaseStepListener - stepStarted: net.thucydides.core.steps.ExecutedStepDescription@78307a56
[Test worker] WARN net.thucydides.core.steps.BaseStepListener - stepFinished: current outcome:Register on the page UTest:Given than Angie needs join to the UTest community [Angie open up [Angie opens the U test page]], When she completes the registration form
| firstName | lastName | mail | month | day | year | password |
| Angie | Gomez | 4315345@gmail.com | February | 19 | 1999 | Ch0uc41r2022* | [Angie join [Angie clicks on Click on join today button, Angie enters 'Angie' into Where do we write the first name, Angie enters 'Gomez' into Where do we write the last name, Angie enters '4315345@gmail.com' into Where do we write the email address]]
[Test worker] WARN net.thucydides.core.steps.BaseStepListener - stepStarted: net.thucydides.core.steps.ExecutedStepDescription@7d4d8579
[Test worker] WARN net.thucydides.core.steps.BaseStepListener - stepFinished: current outcome:Register on the page UTest:Given than Angie needs join to the UTest community [Angie open up [Angie opens the U test page]], When she completes the registration form
| firstName | lastName | mail | month | day | year | password |
| Angie | Gomez | 4315345@gmail.com | February | 19 | 1999 | Ch0uc41r2022* | [Angie join [Angie clicks on Click on join today button, Angie enters 'Angie' into Where do we write the first name, Angie enters 'Gomez' into Where do we write the last name, Angie enters '4315345@gmail.com' into Where do we write the email address, Angie clicks on Where do select the month of the birth]]
[Test worker] WARN net.thucydides.core.steps.BaseStepListener - stepStarted: net.thucydides.core.steps.ExecutedStepDescription@5a08b084
[Test worker] WARN net.thucydides.core.steps.BaseStepListener - stepFinished: current outcome:Register on the page UTest:Given than Angie needs join to the UTest community [Angie open up [Angie opens the U test page]], When she completes the registration form
| firstName | lastName | mail | month | day | year | password |
| Angie | Gomez | 4315345@gmail.com | February | 19 | 1999 | Ch0uc41r2022* | [Angie join [Angie clicks on Click on join today button, Angie enters 'Angie' into Where do we write the first name, Angie enters 'Gomez' into Where do we write the last name, Angie enters '4315345@gmail.com' into Where do we write the email address, Angie clicks on Where do select the month of the birth, Angie clicks on Where do select the day of the birth]]
[Test worker] WARN net.thucydides.core.steps.BaseStepListener - stepStarted: net.thucydides.core.steps.ExecutedStepDescription@656a3d6b
[Test worker] WARN net.thucydides.core.steps.BaseStepListener - stepFinished: current outcome:Register on the page UTest:Given than Angie needs join to the UTest community [Angie open up [Angie opens the U test page]], When she completes the registration form
| firstName | lastName | mail | month | day | year | password |
| Angie | Gomez | 4315345@gmail.com | February | 19 | 1999 | Ch0uc41r2022* | [Angie join [Angie clicks on Click on join today button, Angie enters 'Angie' into Where do we write the first name, Angie enters 'Gomez' into Where do we write the last name, Angie enters '4315345@gmail.com' into Where do we write the email address, Angie clicks on Where do select the month of the birth, Angie clicks on Where do select the day of the birth, Angie clicks on Where do select the year of the birth]]
[Test worker] WARN net.thucydides.core.steps.BaseStepListener - stepStarted: net.thucydides.core.steps.ExecutedStepDescription@4cdba2ed
[Test worker] WARN net.thucydides.core.steps.BaseStepListener - stepFinished: current outcome:Register on the page UTest:Given than Angie needs join to the UTest community [Angie open up [Angie opens the U test page]], When she completes the registration form
| firstName | lastName | mail | month | day | year | password |
| Angie | Gomez | 4315345@gmail.com | February | 19 | 1999 | Ch0uc41r2022* | [Angie join [Angie clicks on Click on join today button, Angie enters 'Angie' into Where do we write the first name, Angie enters 'Gomez' into Where do we write the last name, Angie enters '4315345@gmail.com' into Where do we write the email address, Angie clicks on Where do select the month of the birth, Angie clicks on Where do select the day of the birth, Angie clicks on Where do select the year of the birth, Angie clicks on Button to continue with the register, location]]
[Test worker] WARN net.thucydides.core.steps.BaseStepListener - stepStarted: net.thucydides.core.steps.ExecutedStepDescription@4c731956
[Test worker] WARN net.thucydides.core.steps.BaseStepListener - stepFinished: current outcome:Register on the page UTest:Given than Angie needs join to the UTest community [Angie open up [Angie opens the U test page]], When she completes the registration form
| firstName | lastName | mail | month | day | year | password |
| Angie | Gomez | 4315345@gmail.com | February | 19 | 1999 | Ch0uc41r2022* | [Angie join [Angie clicks on Click on join today button, Angie enters 'Angie' into Where do we write the first name, Angie enters 'Gomez' into Where do we write the last name, Angie enters '4315345@gmail.com' into Where do we write the email address, Angie clicks on Where do select the month of the birth, Angie clicks on Where do select the day of the birth, Angie clicks on Where do select the year of the birth, Angie clicks on Button to continue with the register, location, Angie clicks on Button to continue with the register, devices]]
[Test worker] WARN net.thucydides.core.steps.BaseStepListener - stepStarted: net.thucydides.core.steps.ExecutedStepDescription@1cb9ef52
[Test worker] WARN net.thucydides.core.steps.BaseStepListener - stepFinished: current outcome:Register on the page UTest:Given than Angie needs join to the UTest community [Angie open up [Angie opens the U test page]], When she completes the registration form
| firstName | lastName | mail | month | day | year | password |
| Angie | Gomez | 4315345@gmail.com | February | 19 | 1999 | Ch0uc41r2022* | [Angie join [Angie clicks on Click on join today button, Angie enters 'Angie' into Where do we write the first name, Angie enters 'Gomez' into Where do we write the last name, Angie enters '4315345@gmail.com' into Where do we write the email address, Angie clicks on Where do select the month of the birth, Angie clicks on Where do select the day of the birth, Angie clicks on Where do select the year of the birth, Angie clicks on Button to continue with the register, location, Angie clicks on Button to continue with the register, devices, Angie clicks on Button to continue with the register, last step]]
[Test worker] WARN net.thucydides.core.steps.BaseStepListener - stepStarted: net.thucydides.core.steps.ExecutedStepDescription@74667e6a
[Test worker] WARN net.thucydides.core.steps.BaseStepListener - stepFinished: current outcome:Register on the page UTest:Given than Angie needs join to the UTest community [Angie open up [Angie opens the U test page]], When she completes the registration form
| firstName | lastName | mail | month | day | year | password |
| Angie | Gomez | 4315345@gmail.com | February | 19 | 1999 | Ch0uc41r2022* | [Angie join [Angie clicks on Click on join today button, Angie enters 'Angie' into Where do we write the first name, Angie enters 'Gomez' into Where do we write the last name, Angie enters '4315345@gmail.com' into Where do we write the email address, Angie clicks on Where do select the month of the birth, Angie clicks on Where do select the day of the birth, Angie clicks on Where do select the year of the birth, Angie clicks on Button to continue with the register, location, Angie clicks on Button to continue with the register, devices, Angie clicks on Button to continue with the register, last step, Angie enters 'Ch0uc41r2022*' into where do write the password]]
[Test worker] WARN net.thucydides.core.steps.BaseStepListener - stepStarted: net.thucydides.core.steps.ExecutedStepDescription@15986dd5
[Test worker] WARN net.thucydides.core.steps.BaseStepListener - stepFinished: current outcome:Register on the page UTest:Given than Angie needs join to the UTest community [Angie open up [Angie opens the U test page]], When she completes the registration form
| firstName | lastName | mail | month | day | year | password |
| Angie | Gomez | 4315345@gmail.com | February | 19 | 1999 | Ch0uc41r2022* | [Angie join [Angie clicks on Click on join today button, Angie enters 'Angie' into Where do we write the first name, Angie enters 'Gomez' into Where do we write the last name, Angie enters '4315345@gmail.com' into Where do we write the email address, Angie clicks on Where do select the month of the birth, Angie clicks on Where do select the day of the birth, Angie clicks on Where do select the year of the birth, Angie clicks on Button to continue with the register, location, Angie clicks on Button to continue with the register, devices, Angie clicks on Button to continue with the register, last step, Angie enters 'Ch0uc41r2022*' into where do write the password, Angie enters 'Ch0uc41r2022*' into where do confirm the password]]
[Test worker] WARN net.thucydides.core.steps.BaseStepListener - stepStarted: net.thucydides.core.steps.ExecutedStepDescription@3cdff901
[Test worker] WARN net.thucydides.core.steps.BaseStepListener - stepFinished: current outcome:Register on the page UTest:Given than Angie needs join to the UTest community [Angie open up [Angie opens the U test page]], When she completes the registration form
| firstName | lastName | mail | month | day | year | password |
| Angie | Gomez | 4315345@gmail.com | February | 19 | 1999 | Ch0uc41r2022* | [Angie join [Angie clicks on Click on join today button, Angie enters 'Angie' into Where do we write the first name, Angie enters 'Gomez' into Where do we write the last name, Angie enters '4315345@gmail.com' into Where do we write the email address, Angie clicks on Where do select the month of the birth, Angie clicks on Where do select the day of the birth, Angie clicks on Where do select the year of the birth, Angie clicks on Button to continue with the register, location, Angie clicks on Button to continue with the register, devices, Angie clicks on Button to continue with the register, last step, Angie enters 'Ch0uc41r2022*' into where do write the password, Angie enters 'Ch0uc41r2022*' into where do confirm the password, Angie clicks on Checkbox to accept uTest terms of use]]
[Test worker] WARN net.thucydides.core.steps.BaseStepListener - stepStarted: net.thucydides.core.steps.ExecutedStepDescription@3daf03d8
[Test worker] WARN net.thucydides.core.steps.BaseStepListener - stepFinished: current outcome:Register on the page UTest:Given than Angie needs join to the UTest community [Angie open up [Angie opens the U test page]], When she completes the registration form
| firstName | lastName | mail | month | day | year | password |
| Angie | Gomez | 4315345@gmail.com | February | 19 | 1999 | Ch0uc41r2022* | [Angie join [Angie clicks on Click on join today button, Angie enters 'Angie' into Where do we write the first name, Angie enters 'Gomez' into Where do we write the last name, Angie enters '4315345@gmail.com' into Where do we write the email address, Angie clicks on Where do select the month of the birth, Angie clicks on Where do select the day of the birth, Angie clicks on Where do select the year of the birth, Angie clicks on Button to continue with the register, location, Angie clicks on Button to continue with the register, devices, Angie clicks on Button to continue with the register, last step, Angie enters 'Ch0uc41r2022*' into where do write the password, Angie enters 'Ch0uc41r2022*' into where do confirm the password, Angie clicks on Checkbox to accept uTest terms of use, Angie clicks on Checkbox to accept the privacy and security policy]]
[Test worker] WARN net.thucydides.core.steps.BaseStepListener - stepStarted: net.thucydides.core.steps.ExecutedStepDescription@3375ebd3
[Test worker] WARN net.thucydides.core.steps.BaseStepListener - stepFinished: current outcome:Register on the page UTest:Given than Angie needs join to the UTest community [Angie open up [Angie opens the U test page]], When she completes the registration form
| firstName | lastName | mail | month | day | year | password |
| Angie | Gomez | 4315345@gmail.com | February | 19 | 1999 | Ch0uc41r2022* | [Angie join [Angie clicks on Click on join today button, Angie enters 'Angie' into Where do we write the first name, Angie enters 'Gomez' into Where do we write the last name, Angie enters '4315345@gmail.com' into Where do we write the email address, Angie clicks on Where do select the month of the birth, Angie clicks on Where do select the day of the birth, Angie clicks on Where do select the year of the birth, Angie clicks on Button to continue with the register, location, Angie clicks on Button to continue with the register, devices, Angie clicks on Button to continue with the register, last step, Angie enters 'Ch0uc41r2022*' into where do write the password, Angie enters 'Ch0uc41r2022*' into where do confirm the password, Angie clicks on Checkbox to accept uTest terms of use, Angie clicks on Checkbox to accept the privacy and security policy, Angie clicks on Button to complete the register]]
[Test worker] WARN net.thucydides.core.steps.BaseStepListener - stepFinished: current outcome:Register on the page UTest:Given than Angie needs join to the UTest community [Angie open up [Angie opens the U test page]], When she completes the registration form
| firstName | lastName | mail | month | day | year | password |
| Angie | Gomez | 4315345@gmail.com | February | 19 | 1999 | Ch0uc41r2022* | [Angie join [Angie clicks on Click on join today button, Angie enters 'Angie' into Where do we write the first name, Angie enters 'Gomez' into Where do we write the last name, Angie enters '4315345@gmail.com' into Where do we write the email address, Angie clicks on Where do select the month of the birth, Angie clicks on Where do select the day of the birth, Angie clicks on Where do select the year of the birth, Angie clicks on Button to continue with the register, location, Angie clicks on Button to continue with the register, devices, Angie clicks on Button to continue with the register, last step, Angie enters 'Ch0uc41r2022*' into where do write the password, Angie enters 'Ch0uc41r2022*' into where do confirm the password, Angie clicks on Checkbox to accept uTest terms of use, Angie clicks on Checkbox to accept the privacy and security policy, Angie clicks on Button to complete the register]]
[Test worker] WARN net.thucydides.core.steps.BaseStepListener - stepFinished: current outcome:Register on the page UTest:Given than Angie needs join to the UTest community [Angie open up [Angie opens the U test page]], When she completes the registration form
| firstName | lastName | mail | month | day | year | password |
| Angie | Gomez | 4315345@gmail.com | February | 19 | 1999 | Ch0uc41r2022* | [Angie join [Angie clicks on Click on join today button, Angie enters 'Angie' into Where do we write the first name, Angie enters 'Gomez' into Where do we write the last name, Angie enters '4315345@gmail.com' into Where do we write the email address, Angie clicks on Where do select the month of the birth, Angie clicks on Where do select the day of the birth, Angie clicks on Where do select the year of the birth, Angie clicks on Button to continue with the register, location, Angie clicks on Button to continue with the register, devices, Angie clicks on Button to continue with the register, last step, Angie enters 'Ch0uc41r2022*' into where do write the password, Angie enters 'Ch0uc41r2022*' into where do confirm the password, Angie clicks on Checkbox to accept uTest terms of use, Angie clicks on Checkbox to accept the privacy and security policy, Angie clicks on Button to complete the register]]
[Test worker] WARN net.thucydides.core.steps.BaseStepListener - stepStarted: net.thucydides.core.steps.ExecutedStepDescription@626e0c86
[Test worker] WARN net.thucydides.core.steps.BaseStepListener - stepStarted: net.thucydides.core.steps.ExecutedStepDescription@46394f65
[Test worker] WARN net.thucydides.core.steps.BaseStepListener - stepFinished: current outcome:Register on the page UTest:Given than Angie needs join to the UTest community [Angie open up [Angie opens the U test page]], When she completes the registration form
| firstName | lastName | mail | month | day | year | password |
| Angie | Gomez | 4315345@gmail.com | February | 19 | 1999 | Ch0uc41r2022* | [Angie join [Angie clicks on Click on join today button, Angie enters 'Angie' into Where do we write the first name, Angie enters 'Gomez' into Where do we write the last name, Angie enters '4315345@gmail.com' into Where do we write the email address, Angie clicks on Where do select the month of the birth, Angie clicks on Where do select the day of the birth, Angie clicks on Where do select the year of the birth, Angie clicks on Button to continue with the register, location, Angie clicks on Button to continue with the register, devices, Angie clicks on Button to continue with the register, last step, Angie enters 'Ch0uc41r2022*' into where do write the password, Angie enters 'Ch0uc41r2022*' into where do confirm the password, Angie clicks on Checkbox to accept uTest terms of use, Angie clicks on Checkbox to accept the privacy and security policy, Angie clicks on Button to complete the register]], Then system displays a welcome message:
| message |
| Welcome to the world's largest community of freelance software testers! | [Then answer]
[Test worker] WARN net.thucydides.core.steps.BaseStepListener - stepFinished: current outcome:Register on the page UTest:Given than Angie needs join to the UTest community [Angie open up [Angie opens the U test page]], When she completes the registration form
| firstName | lastName | mail | month | day | year | password |
| Angie | Gomez | 4315345@gmail.com | February | 19 | 1999 | Ch0uc41r2022* | [Angie join [Angie clicks on Click on join today button, Angie enters 'Angie' into Where do we write the first name, Angie enters 'Gomez' into Where do we write the last name, Angie enters '4315345@gmail.com' into Where do we write the email address, Angie clicks on Where do select the month of the birth, Angie clicks on Where do select the day of the birth, Angie clicks on Where do select the year of the birth, Angie clicks on Button to continue with the register, location, Angie clicks on Button to continue with the register, devices, Angie clicks on Button to continue with the register, last step, Angie enters 'Ch0uc41r2022*' into where do write the password, Angie enters 'Ch0uc41r2022*' into where do confirm the password, Angie clicks on Checkbox to accept uTest terms of use, Angie clicks on Checkbox to accept the privacy and security policy, Angie clicks on Button to complete the register]], Then system displays a welcome message:
| message |
| Welcome to the world's largest community of freelance software testers! | [Then answer]
[Test worker] WARN net.thucydides.core.steps.BaseStepListener - testFinished: Register on the page UTest:Given than Angie needs join to the UTest community [Angie open up [Angie opens the U test page]], When she completes the registration form
| firstName | lastName | mail | month | day | year | password |
| Angie | Gomez | 4315345@gmail.com | February | 19 | 1999 | Ch0uc41r2022* | [Angie join [Angie clicks on Click on join today button, Angie enters 'Angie' into Where do we write the first name, Angie enters 'Gomez' into Where do we write the last name, Angie enters '4315345@gmail.com' into Where do we write the email address, Angie clicks on Where do select the month of the birth, Angie clicks on Where do select the day of the birth, Angie clicks on Where do select the year of the birth, Angie clicks on Button to continue with the register, location, Angie clicks on Button to continue with the register, devices, Angie clicks on Button to continue with the register, last step, Angie enters 'Ch0uc41r2022*' into where do write the password, Angie enters 'Ch0uc41r2022*' into where do confirm the password, Angie clicks on Checkbox to accept uTest terms of use, Angie clicks on Checkbox to accept the privacy and security policy, Angie clicks on Button to complete the register]], Then system displays a welcome message:
| message |
| Welcome to the world's largest community of freelance software testers! | [Then answer]
[Test worker] WARN net.thucydides.core.steps.BaseStepListener - TestOutcomes: [Register on the page UTest:Given than Angie needs join to the UTest community [Angie open up [Angie opens the U test page]], When she completes the registration form
| firstName | lastName | mail | month | day | year | password |
| Angie | Gomez | 4315345@gmail.com | February | 19 | 1999 | Ch0uc41r2022* | [Angie join [Angie clicks on Click on join today button, Angie enters 'Angie' into Where do we write the first name, Angie enters 'Gomez' into Where do we write the last name, Angie enters '4315345@gmail.com' into Where do we write the email address, Angie clicks on Where do select the month of the birth, Angie clicks on Where do select the day of the birth, Angie clicks on Where do select the year of the birth, Angie clicks on Button to continue with the register, location, Angie clicks on Button to continue with the register, devices, Angie clicks on Button to continue with the register, last step, Angie enters 'Ch0uc41r2022*' into where do write the password, Angie enters 'Ch0uc41r2022*' into where do confirm the password, Angie clicks on Checkbox to accept uTest terms of use, Angie clicks on Checkbox to accept the privacy and security policy, Angie clicks on Button to complete the register]], Then system displays a welcome message:
| message |
| Welcome to the world's largest community of freelance software testers! | [Then answer]]
[Test worker] WARN net.thucydides.core.steps.BaseStepListener - Final testOutcomes: [Register on the page UTest:Given than Angie needs join to the UTest community [Angie open up [Angie opens the U test page]], When she completes the registration form
| firstName | lastName | mail | month | day | year | password |
| Angie | Gomez | 4315345@gmail.com | February | 19 | 1999 | Ch0uc41r2022* | [Angie join [Angie clicks on Click on join today button, Angie enters 'Angie' into Where do we write the first name, Angie enters 'Gomez' into Where do we write the last name, Angie enters '4315345@gmail.com' into Where do we write the email address, Angie clicks on Where do select the month of the birth, Angie clicks on Where do select the day of the birth, Angie clicks on Where do select the year of the birth, Angie clicks on Button to continue with the register, location, Angie clicks on Button to continue with the register, devices, Angie clicks on Button to continue with the register, last step, Angie enters 'Ch0uc41r2022*' into where do write the password, Angie enters 'Ch0uc41r2022*' into where do confirm the password, Angie clicks on Checkbox to accept uTest terms of use, Angie clicks on Checkbox to accept the privacy and security policy, Angie clicks on Button to complete the register]], Then system displays a welcome message:
| message |
| Welcome to the world's largest community of freelance software testers! | [Then answer]]
[Test worker] INFO net.thucydides.core.steps.ConsoleLoggingListener - 
        __    _____ _____ ____ _____   ____   _    ____  ____  _____ ____  
  _     \ \  |_   _| ____/ ___|_   _| |  _ \ / \  / ___|/ ___|| ____|  _ \ 
 (_)_____| |   | | |  _| \___ \ | |   | |_) / _ \ \___ \\___ \|  _| | | | |
  _|_____| |   | | | |___ ___) || |   |  __/ ___ \ ___) |___) | |___| |_| |
 (_)     | |   |_| |_____|____/ |_|   |_| /_/   \_\____/|____/|_____|____/ 
        /_/                                                                

TEST PASSED: Register on the page UTest
----------------------------------------------------------------------------
]]></system-err>
</testsuite>
